2026-07-18 11:55:22,207 | INFO | Polymarket AI Bot 启动
2026-07-18 11:55:30,614 | INFO | 获取市场数量: 100
2026-07-18 19:18:53,002 | INFO | 开始第 1 轮扫描
2026-07-18 19:18:53,002 | INFO | Polymarket AI Bot 启动
2026-07-18 19:18:54,439 | INFO | 获取市场数量: 100
2026-07-18 19:19:45,065 | INFO | 开始第 1 轮扫描
2026-07-18 19:19:45,065 | INFO | Polymarket AI Bot 启动
2026-07-18 19:19:46,385 | INFO | 获取市场数量: 100
2026-07-18 19:19:51,116 | INFO | 开始第 1 轮扫描
2026-07-18 19:19:51,117 | INFO | Polymarket AI Bot 启动
2026-07-18 19:20:03,058 | INFO | 获取市场数量: 100
2026-07-18 19:24:32,822 | INFO | 开始第 1 轮扫描
2026-07-18 19:24:32,822 | INFO | Polymarket AI Bot 启动
2026-07-18 19:24:46,720 | INFO | 开始第 1 轮扫描
2026-07-18 19:24:46,721 | INFO | Polymarket AI Bot 启动
2026-07-18 19:24:48,276 | INFO | 获取市场数量: 100
2026-07-18 19:24:49,232 | INFO | 本轮运行耗时: 2.51 秒
2026-07-18 19:32:03,639 | INFO | 开始第 1 轮扫描
2026-07-18 19:32:03,640 | INFO | Polymarket AI Bot 启动
2026-07-18 19:32:05,045 | INFO | 获取市场数量: 100
2026-07-18 19:32:05,973 | INFO | 本轮运行耗时: 2.33 秒
2026-07-18 19:32:05,974 | INFO | 当前持仓数量: 2
2026-07-18 19:35:39,100 | INFO | 开始第 1 轮扫描
2026-07-18 19:35:39,100 | INFO | Polymarket AI Bot 启动
2026-07-18 19:35:40,858 | INFO | 获取市场数量: 100
2026-07-18 19:35:41,819 | INFO | 本轮运行耗时: 2.72 秒
2026-07-18 19:35:41,819 | INFO | 当前持仓数量: 2
2026-07-18 19:35:41,819 | INFO | 本轮执行交易数量: 0
2026-07-18 19:42:55,107 | INFO | 开始第 1 轮扫描
2026-07-18 19:42:55,108 | INFO | Polymarket AI Bot 启动
2026-07-18 19:42:56,968 | INFO | 获取市场数量: 100
2026-07-18 19:42:57,924 | INFO | 本轮运行耗时: 2.82 秒
2026-07-18 19:42:57,924 | INFO | 当前持仓数量: 2
2026-07-18 19:42:57,924 | INFO | 本轮执行交易数量: 0
2026-07-18 19:42:57,924 | INFO | 系统状态: 正常
2026-07-18 19:42:57,924 | INFO | 异常次数: 0
2026-07-18 19:49:44,772 | INFO | API失败次数: 3
2026-07-18 19:49:44,772 | INFO | 开始第 1 轮扫描
2026-07-18 19:49:44,772 | INFO | Polymarket AI Bot 启动
2026-07-18 19:52:43,475 | INFO | API失败次数: 3
2026-07-18 19:52:43,476 | INFO | 开始第 1 轮扫描
2026-07-18 19:52:43,476 | INFO | Polymarket AI Bot 启动
2026-07-18 19:52:48,612 | INFO | API异常，进入保护模式，暂停交易
2026-07-18 19:54:53,117 | INFO | API失败次数: 0
2026-07-18 19:54:53,117 | INFO | 开始第 1 轮扫描
2026-07-18 19:54:53,117 | INFO | Polymarket AI Bot 启动
2026-07-18 20:16:34,318 | INFO | API失败次数: 0
2026-07-18 20:16:34,318 | INFO | 开始第 1 轮扫描
2026-07-18 20:16:34,318 | INFO | Polymarket AI Bot 启动
2026-07-18 20:19:14,060 | INFO | API失败次数: 0
2026-07-18 20:19:14,060 | INFO | 开始第 1 轮扫描
2026-07-18 20:19:14,060 | INFO | Polymarket AI Bot 启动
2026-07-18 20:29:55,638 | INFO | API失败次数: 0
2026-07-18 20:29:55,638 | INFO | 开始第 1 轮扫描
2026-07-18 20:29:55,638 | INFO | Polymarket AI Bot 启动
2026-07-18 20:29:55,638 | INFO | 开始获取市场
2026-07-18 20:29:57,268 | INFO | 获取市场数量: 100
2026-07-18 20:31:45,634 | INFO | API失败次数: 0
2026-07-18 20:31:45,635 | INFO | 开始第 1 轮扫描
2026-07-18 20:31:45,635 | INFO | Polymarket AI Bot 启动
2026-07-18 20:31:45,635 | INFO | 开始获取市场
2026-07-18 20:31:51,578 | INFO | 获取市场数量: 100
2026-07-18 20:36:03,292 | INFO | API失败次数: 0
2026-07-18 20:36:03,292 | INFO | 开始第 1 轮扫描
2026-07-18 20:36:03,292 | INFO | Polymarket AI Bot 启动
2026-07-18 20:36:03,292 | INFO | 开始获取市场
2026-07-18 20:36:11,588 | INFO | 获取市场数量: 100
2026-07-18 20:36:12,540 | INFO | 本轮运行耗时: 9.25 秒
2026-07-18 20:36:12,540 | INFO | 当前持仓数量: 2
2026-07-18 20:36:12,540 | INFO | 本轮执行交易数量: 0
2026-07-18 20:36:12,540 | INFO | 系统状态: 正常
2026-07-18 20:36:12,540 | INFO | 异常次数: 0
2026-07-18 20:36:12,540 | INFO | API状态: 正常
2026-07-18 20:37:53,377 | INFO | API失败次数: 0
2026-07-18 20:37:53,377 | INFO | 开始第 1 轮扫描
2026-07-18 20:37:53,377 | INFO | Polymarket AI Bot 启动
2026-07-18 20:37:53,378 | INFO | 开始获取市场
2026-07-18 20:38:12,063 | INFO | API失败次数: 0
2026-07-18 20:38:12,063 | INFO | 开始第 1 轮扫描
2026-07-18 20:38:12,063 | INFO | Polymarket AI Bot 启动
2026-07-18 20:38:12,064 | INFO | 开始获取市场
2026-07-18 20:38:24,019 | INFO | 获取市场数量: 100
2026-07-18 20:38:25,088 | INFO | 本轮运行耗时: 13.03 秒
2026-07-18 20:38:25,088 | INFO | 当前持仓数量: 2
2026-07-18 20:38:25,088 | INFO | 本轮执行交易数量: 0
2026-07-18 20:38:25,088 | INFO | 系统状态: 正常
2026-07-18 20:38:25,088 | INFO | 异常次数: 0
2026-07-18 20:38:25,088 | INFO | API状态: 正常
